This is pdfTeX, Version 3.141592653-2.6-1.40.25 (MiKTeX 24.1) (preloaded format=pdflatex 2024.9.15)  25 OCT 2025 15:53
entering extended mode
 restricted \write18 enabled.
 %&-line parsing enabled.
**./foo.tex
(foo.tex
LaTeX2e <2023-11-01> patch level 1
L3 programming layer <2024-01-04>

! LaTeX Error: Trying to overwrite `foo.tex'.

See the LaTeX manual or LaTeX Companion for explanation.
Type  H <return>  for immediate help.
 ...                                              
                                                  
l.1 \begin{filecontents}[overwrite]{foo.tex}
                                            
You can't write to the file you are reading from!
Data is written to screen instead.

%% LaTeX2e file `foo.tex'
%% generated by the `filecontents' environment
%% from source `foo' on 2025/10/25.
%%
\documentclass{article}
\begin{document}
I am the \texttt{foo.tex} file.
\end{document}

)
! Emergency stop.
<*> ./foo.tex
             
*** (job aborted, no legal \end found)

 
Here is how much of TeX's memory you used:
 23 strings out of 474486
 600 string characters out of 5744227
 1924542 words of memory out of 5000000
 22409 multiletter control sequences out of 15000+600000
 558069 words of font info for 36 fonts, out of 8000000 for 9000
 1141 hyphenation exceptions out of 8191
 14i,0n,21p,84b,325s stack positions out of 10000i,1000n,20000p,200000b,200000s
!  ==> Fatal error occurred, no output PDF file produced!
