\BOOKMARK [0][-]{part.1}{\376\377\000I\000\040\000P\000r\000\351\000a\000m\000b\000u\000l\000e}{}% 1
\BOOKMARK [1][-]{subsection.0.1}{\376\377\000A\000v\000a\000n\000t\000-\000p\000r\000o\000p\000o\000s}{part.1}% 2
\BOOKMARK [2][-]{subsection.0.2}{\376\377\000N\000o\000t\000a\000t\000i\000o\000n\000s}{subsection.0.1}% 3
\BOOKMARK [2][-]{subsection.0.3}{\376\377\000O\000b\000j\000e\000t\000s\000\040\000d\000u\000\040\000P\000r\000o\000b\000l\000\350\000m\000e}{subsection.0.1}% 4
\BOOKMARK [1][-]{section.1}{\376\377\000O\000r\000g\000a\000n\000i\000s\000a\000t\000i\000o\000n\000\040\000d\000u\000\040\000t\000r\000a\000v\000a\000i\000l}{part.1}% 5
\BOOKMARK [2][-]{subsection.1.1}{\376\377\000N\000o\000t\000e\000s\000\040\000d\000'\000u\000p\000d\000a\000t\000e\000s}{section.1}% 6
\BOOKMARK [0][-]{part.2}{\376\377\000I\000I\000\040\000A\000s\000p\000e\000c\000t\000s\000\040\000t\000h\000\351\000o\000r\000i\000q\000u\000e\000s}{}% 7
\BOOKMARK [1][-]{section.2}{\376\377\000m\000o\000d\000\351\000l\000i\000s\000a\000t\000i\000o\000n}{part.2}% 8
\BOOKMARK [2][-]{subsection.2.1}{\376\377\000s\000i\000m\000u\000l\000a\000t\000i\000o\000n\000\040\000d\000e\000\040\000X\000n\000o\000r\000m}{section.2}% 9
\BOOKMARK [2][-]{subsection.2.2}{\376\377\000S\000i\000m\000u\000l\000a\000t\000i\000o\000n\000\040\000d\000e\000\040\000X\000p\000u\000i\000s\000s\000a\000n\000c\000e}{section.2}% 10
\BOOKMARK [2][-]{subsection.2.3}{\376\377\000C\000o\000n\000d\000i\000t\000i\000o\000n\000s\000\040\000m\000\351\000t\000\351\000o\000r\000o\000l\000o\000g\000i\000q\000u\000e\000s\000\040\000e\000t\000\040\000c\000h\000a\000i\000n\000e\000s\000\040\000d\000e\000\040\000M\000a\000r\000k\000o\000v\000\040\000\050\000H\000k\000\051\000k\000\040\000N\000*}{section.2}% 11
\BOOKMARK [2][-]{subsection.2.4}{\376\377\000O\000c\000c\000u\000r\000r\000e\000n\000c\000e\000s\000\040\000d\000e\000s\000\040\000s\000i\000n\000i\000s\000t\000r\000e\000s\000\040\000\050\000m\000o\000d\000\350\000l\000e\000\040\000A\000\051}{section.2}% 12
\BOOKMARK [2][-]{subsection.2.5}{\376\377\000P\000r\000o\000b\000a\000b\000i\000l\000i\000t\000\351\000\040\000d\000e\000\040\000R\000u\000i\000n\000e\000\040\000A\000n\000n\000u\000e\000l\000l\000e\000\040\000\050\000m\000o\000d\000\350\000l\000e\000\040\000A\000\051}{section.2}% 13
\BOOKMARK [2][-]{subsection.2.6}{\376\377\000O\000c\000c\000u\000r\000r\000e\000n\000c\000e\000s\000\040\000d\000e\000s\000\040\000s\000i\000n\000i\000s\000t\000r\000e\000s\000\040\000\050\000m\000o\000d\000\350\000l\000e\000\040\000B\000\051}{section.2}% 14
\BOOKMARK [2][-]{subsection.2.7}{\376\377\000P\000r\000o\000b\000a\000b\000i\000l\000i\000t\000\351\000\040\000d\000e\000\040\000R\000u\000i\000n\000e\000\040\000A\000n\000n\000u\000e\000l\000l\000e\000\040\000\050\000m\000o\000d\000\350\000l\000e\000\040\000B\000\051}{section.2}% 15
\BOOKMARK [0][-]{part.3}{\376\377\000I\000I\000I\000\040\000A\000s\000p\000e\000c\000t\000s\000\040\000P\000r\000o\000g\000r\000a\000m\000m\000a\000t\000i\000o\000n}{}% 16
\BOOKMARK [1][-]{section.3}{\376\377\000C\000o\000m\000m\000e\000n\000t\000a\000i\000r\000e\000s\000\040\000s\000u\000r\000\040\000l\000e\000s\000\040\000t\000e\000c\000h\000n\000i\000q\000u\000e\000s\000\040\000d\000e\000\040\000p\000r\000o\000g\000r\000a\000m\000m\000a\000t\000i\000o\000n}{part.3}% 17
\BOOKMARK [2][-]{subsection.3.1}{\376\377\000D\000\351\000p\000e\000n\000d\000a\000n\000c\000e\000s}{section.3}% 18
\BOOKMARK [2][-]{subsection.3.2}{\376\377\000X\000n\000o\000r\000m}{section.3}% 19
\BOOKMARK [2][-]{subsection.3.3}{\376\377\000X\000p\000u\000i\000s\000s\000a\000n\000c\000e}{section.3}% 20
\BOOKMARK [2][-]{subsection.3.4}{\376\377\000Z}{section.3}% 21
\BOOKMARK [2][-]{subsection.3.5}{\376\377\000X}{section.3}% 22
\BOOKMARK [2][-]{subsection.3.6}{\376\377\000V\000\351\000r\000i\000f\000i\000c\000a\000t\000i\000o\000n\000s\000\040\000d\000'\000u\000s\000a\000g\000e}{section.3}% 23
\BOOKMARK [1][-]{section.4}{\376\377\000L\000e\000s\000\040\000d\000i\000f\000f\000\351\000r\000e\000n\000t\000s\000\040\000m\000o\000d\000\350\000l\000e\000s}{part.3}% 24
\BOOKMARK [2][-]{subsection.4.1}{\376\377\000M\000o\000d\000\350\000l\000e\000\040\000A}{section.4}% 25
\BOOKMARK [2][-]{subsection.4.2}{\376\377\000M\000o\000d\000\350\000l\000e\000\040\000B}{section.4}% 26
\BOOKMARK [2][-]{subsection.4.3}{\376\377\000C\000o\000m\000p\000l\000e\000x\000i\000t\000\351\000\040\000a\000l\000g\000o\000r\000i\000t\000h\000m\000i\000q\000u\000e}{section.4}% 27
\BOOKMARK [0][-]{part.4}{\376\377\000I\000V\000\040\000C\000o\000n\000c\000l\000u\000s\000i\000o\000n}{}% 28
\BOOKMARK [1][-]{section.5}{\376\377\000C\000o\000m\000m\000e\000n\000t\000a\000i\000r\000e\000s\000\040\000s\000u\000r\000\040\000l\000a\000\040\000p\000e\000r\000t\000i\000n\000e\000n\000c\000e\000\040\000d\000u\000\040\000m\000o\000d\000\350\000l\000e}{part.4}% 29
\BOOKMARK [1][-]{section.6}{\376\377\000\311\000v\000o\000l\000u\000t\000i\000o\000n\000s\000\040\000p\000o\000s\000s\000i\000b\000l\000e\000s\000\040\000d\000u\000\040\000m\000o\000d\000\350\000l\000e}{part.4}% 30
\BOOKMARK [1][-]{section.7}{\376\377\000C\000o\000m\000m\000e\000n\000t\000a\000i\000r\000e\000s}{part.4}% 31
\BOOKMARK [1][-]{section.8}{\376\377\000A\000n\000n\000e\000x\000e\000s\000\040\000e\000t\000\040\000c\000o\000n\000t\000a\000c\000t\000s}{part.4}% 32
